IQ-TREE version 1.3.11.1 for Linux 64-bit built Feb  1 2016
Copyright (c) 2011-2015 Nguyen Lam Tung, Olga Chernomor, Arndt von Haeseler and Bui Quang Minh.

Host:    djwilliams-HP-EliteBook-830-G5 (AVX2, FMA3, 15 GB RAM)
Command: iqtree -s tssBC_aligned.fasta -bb 1000
Seed:    912834 (Using SPRNG - Scalable Parallel Random Number Generator)
Time:    Tue Feb  4 12:13:45 2020
Kernel:  AVX

NOTE: Consider using the multicore version because your CPU has 8 cores!

Reading alignment file tssBC_aligned.fasta ... Fasta format detected
Alignment most likely contains protein sequences
Alignment has 71 sequences with 777 columns and 751 patterns (647 informative sites)
                              Gap/Ambiguity  Composition  p-value
   1  NC_002947_2_i1                 23.42%    passed     96.14%
   2  AJ320483_i3                    12.87%    passed     77.79%
   3  NC_003063_i5                   18.53%    failed      4.32%
   4  NC_002947_i1                   14.67%    passed     97.52%
   5  NC_010465_i3                   11.33%    passed     96.11%
   6  NC_002506_i1                   15.06%    passed     79.69%
   7  NC_016810_i3                   12.87%    passed     77.79%
   8  NC_011274_i1                   15.44%    passed     85.99%
   9  NC_003296_i4b                  14.29%    passed     37.44%
  10  NC_007651_i4b                  14.03%    passed     35.60%
  11  NC_004578_i1                   15.06%    passed     91.91%
  12  NC_007005_i4b                  12.87%    passed     87.50%
  13  NC_014121_i3                   13.38%    passed     97.23%
  14  AY424360_i4b                   14.29%    passed     51.89%
  15  NC_008752_i3                   12.36%    passed     95.17%
  16  NC_002516_i4a                  13.13%    passed     91.75%
  17  NC_008463_i3                   13.77%    passed     79.34%
  18  JX436460_i1                    17.12%    failed      0.11%
  19  NC_008463_i1                   15.19%    passed     96.48%
  20  NC_009708_i3                   11.33%    passed     96.11%
  21  NC_013508_i4b                  16.60%    passed     50.73%
  22  NC_010400_i4b                  15.06%    passed     99.55%
  23  NC_004603_i1                   15.19%    passed     66.18%
  24  NC_004605_i5                   12.23%    passed     44.37%
  25  NC_008463_i4a                  13.13%    passed     92.71%
  26  NC_004431_i2                   12.74%    passed     78.49%
  27  KF678349_i2                    12.74%    passed     70.68%
  28  SM39                           12.61%    passed     98.69%
  29  NC_009085_i4b                  24.45%    passed     98.63%
  30  NC_008378_i5                   18.15%    passed     14.30%
  31  NC_013716_i4a                  14.67%    passed     52.18%
  32  NC_020211_2_i3                 10.81%    passed     89.67%
  33  NC_002947_i4b                  12.61%    passed     97.12%
  34  NC_013961_i2                   12.74%    passed     94.98%
  35  NC_013961_i3                   12.87%    passed     98.12%
  36  GCA_000513215.1_DB11_genomic   12.61%    passed     98.28%
  37  NC_008095_i1                   15.32%    passed     85.43%
  38  NC_017626_i2                   12.61%    passed     99.64%
  39  NZ_AAKJ02000013_i1             15.06%    passed     79.69%
  40  NC_006351_i1                   13.51%    passed     80.42%
  41  NC_011000_i4b                  14.16%    passed     47.53%
  42  NC_013956_i2                   12.74%    passed     98.99%
  43  NC_013956_i3                   13.13%    passed     91.79%
  44  NC_005966_i4b                  15.06%    passed     99.65%
  45  NC_008702_i3                   14.16%    passed     99.90%
  46  NC_020064_i2                   12.48%    passed     99.48%
  47  NC_020064_i3                   12.48%    passed     98.67%
  48  NC_017626_i4b                  16.34%    passed     30.04%
  49  NC_006349_i1                   13.51%    passed     81.47%
  50  NC_012779_i4b                  15.57%    passed     84.25%
  51  KC432605_i4b                   15.06%    passed     99.16%
  52  NC_012731_2_i2                 12.87%    passed     99.70%
  53  NC_002516_i3                   13.77%    passed     79.34%
  54  NC_002516_i1                   15.19%    passed     97.45%
  55  NC_011205_i3                   12.23%    passed     71.01%
  56  JF766712_i3                    25.23%    passed     91.29%
  57  NC_003143_i3                   11.33%    passed     96.11%
  58  NC_009832_i2                   12.74%    passed     99.75%
  59  NC_009832_i3                   12.61%    passed     98.43%
  60  NC_020211_i3                   12.61%    passed     98.27%
  61  NC_022000_i1                   14.41%    passed     46.25%
  62  NC_016856_i3                   12.87%    passed     77.79%
  63  NC_010554_i1                   14.41%    passed     46.25%
  64  NC_013716_i3                   13.64%    passed     92.89%
  65  NC_004547_i1                   15.19%    passed     85.31%
  66  NC_007650_i1                   13.51%    passed     38.50%
  67  FJ790776_i1                    15.19%    passed     63.78%
  68  NC_002927_i3                   11.58%    passed     37.20%
  69  NC_008570_i1                   15.19%    passed     94.94%
  70  NC_004129_i3                   14.03%    passed     90.52%
  71  FJ790777_i5                    13.38%    passed     69.45%
****  TOTAL                          14.27%  2 sequences failed composition chi2 test (p-value<5%; df=19)
NOTE: 2 identical sequences will be ignored during tree search

Create initial parsimony tree by phylogenetic likelihood library (PLL)... 0.032 seconds
Generating 1000 samples for ultrafast bootstrap...
Max candidate trees (tau): 6900
WARNING: Default model may be under-fitting. Use option '-m TEST' to select best-fit model.

NOTE: 11 MB RAM is required!
Estimate model parameters (epsilon = 0.100)
1. Initial log-likelihood: -36003.345
Optimal log-likelihood: -35697.432
Parameters optimization took 1 rounds (0.184 sec)

--------------------------------------------------------------------
|             INITIALIZING CANDIDATE TREE SET                      |
--------------------------------------------------------------------
Computing ML distances based on estimated model parameters... 0.201 sec
Computing BIONJ tree...
0.002 seconds
Log-likelihood of BIONJ tree: -35664.489
Generating 98 parsimony trees... 2.389 seconds 55 distinct starting trees
Computing log-likelihood of 55 initial trees ... 4.539 seconds
Optimizing top 20 initial trees with NNI...
Iteration 1 / LogL: -35626.993 / Time: 0h:0m:8s
Estimate model parameters (epsilon = 0.100)
BETTER TREE FOUND at iteration 1: -35626.987
Iteration 2 / LogL: -35627.008 / Time: 0h:0m:8s
Iteration 3 / LogL: -35631.177 / Time: 0h:0m:9s
Iteration 4 / LogL: -35628.491 / Time: 0h:0m:9s
Iteration 5 / LogL: -35628.527 / Time: 0h:0m:10s
Iteration 6 / LogL: -35628.540 / Time: 0h:0m:10s
Iteration 7 / LogL: -35628.528 / Time: 0h:0m:10s
Iteration 8 / LogL: -35628.537 / Time: 0h:0m:11s
Iteration 9 / LogL: -35628.492 / Time: 0h:0m:11s
Iteration 10 / LogL: -35628.491 / Time: 0h:0m:12s
Iteration 11 / LogL: -35628.492 / Time: 0h:0m:12s
Iteration 12 / LogL: -35628.542 / Time: 0h:0m:13s
Iteration 13 / LogL: -35628.578 / Time: 0h:0m:13s
Iteration 14 / LogL: -35628.526 / Time: 0h:0m:14s
Iteration 15 / LogL: -35628.557 / Time: 0h:0m:14s
Iteration 16 / LogL: -35628.525 / Time: 0h:0m:14s
Iteration 17 / LogL: -35628.564 / Time: 0h:0m:15s
Iteration 18 / LogL: -35628.535 / Time: 0h:0m:15s
Iteration 19 / LogL: -35628.523 / Time: 0h:0m:16s
Iteration 20 / LogL: -35628.569 / Time: 0h:0m:16s
Average CPU time for 1 NNI search: 0.451
Finish initializing candidate tree set. Number of distinct locally optimal trees: 18
Current best tree score: -35626.987 / CPU time: 15.937
--------------------------------------------------------------------
|               OPTIMIZING CANDIDATE TREE SET                      |
--------------------------------------------------------------------
Iteration 30 / LogL: -35628.648 / Time: 0h:0m:25s (0h:1m:1s left)
Iteration 40 / LogL: -35627.215 / Time: 0h:0m:33s (0h:0m:52s left)
Iteration 50 / LogL: -35627.483 / Time: 0h:0m:41s (0h:0m:43s left)
NOTE: 6043 bootstrap candidate trees evaluated (logl-cutoff: -35710.197)
Iteration 60 / LogL: -35760.784 / Time: 0h:0m:50s (0h:0m:35s left)
Iteration 70 / LogL: -35627.040 / Time: 0h:1m:0s (0h:0m:27s left)
Iteration 80 / LogL: -35629.208 / Time: 0h:1m:9s (0h:0m:18s left)
Iteration 90 / LogL: -35626.995 / Time: 0h:1m:18s (0h:0m:9s left)
Iteration 100 / LogL: -35628.548 / Time: 0h:1m:29s (0h:0m:0s left)
NOTE: 13811 bootstrap candidate trees evaluated (logl-cutoff: -35870.750)
NOTE: Bootstrap correlation coefficient of split occurrence frequencies: 0.999
TREE SEARCH COMPLETED AFTER 101 ITERATIONS / Time: 0h:1m:31s

--------------------------------------------------------------------
|                    FINALIZING TREE SEARCH                        |
--------------------------------------------------------------------
Performs final model parameters optimization
Estimate model parameters (epsilon = 0.010)
1. Initial log-likelihood: -35626.987
Optimal log-likelihood: -35626.986
Parameters optimization took 1 rounds (0.122 sec)

BEST SCORE FOUND : -35626.986
Creating bootstrap support values...
Split supports printed to NEXUS file tssBC_aligned.fasta.splits.nex
Total tree length: 11.961

Total number of iterations: 101
CPU time used for tree search: 90.492 sec (0h:1m:30s)
Wall-clock time used for tree search: 90.517 sec (0h:1m:30s)
Total CPU time used: 91.451 sec (0h:1m:31s)
Total wall-clock time used: 91.485 sec (0h:1m:31s)

Computing bootstrap consensus tree...
Reading input file tssBC_aligned.fasta.splits.nex...
69 taxa and 220 splits.
Consensus tree written to tssBC_aligned.fasta.contree
Log-likelihood of consensus tree: -35626.995
Reading input trees file tssBC_aligned.fasta.contree

Analysis results written to: 
  IQ-TREE report:                tssBC_aligned.fasta.iqtree
  Maximum-likelihood tree:       tssBC_aligned.fasta.treefile
  Likelihood distances:          tssBC_aligned.fasta.mldist

Ultrafast bootstrap approximation results written to:
  Split support values:          tssBC_aligned.fasta.splits.nex
  Consensus tree:                tssBC_aligned.fasta.contree
  Screen log file:               tssBC_aligned.fasta.log

Date and Time: Tue Feb  4 12:15:17 2020
